<?xml version="1.0" encoding="UTF-8"?>
<!-- Generated by org.testng.reporters.JUnitReportReporter -->
<testsuite skipped="0" hostname="Ashawa-Shivam" name="tests.HomePageTest" tests="1" failures="0" timestamp="20 Dec 2018 11:07:02 GMT" time="5.709" errors="0">
  <testcase name="verifyPhoneNumber" time="5.709" classname="tests.HomePageTest"/>
</testsuite> <!-- tests.HomePageTest -->
