<?xml version="1.0" encoding="UTF-8"?>
<!-- Generated by org.testng.reporters.JUnitReportReporter -->
<testsuite skipped="0" hostname="Ashawa-Shivam" name="tests.FirstPageTest" tests="1" failures="0" timestamp="20 Dec 2018 11:07:02 GMT" time="2.805" errors="0">
  <testcase name="verifyLogin" time="2.805" classname="tests.FirstPageTest"/>
</testsuite> <!-- tests.FirstPageTest -->
